#
# A fatal error has been detected by the Java Runtime Environment:
#
#  EXCEPTION_ACCESS_VIOLATION (0xc0000005) at pc=0x0000000057f9e063, pid=18828, tid=0x0000000000001f94
#
# JRE version: Java(TM) SE Runtime Environment (8.0_201-b09) (build 1.8.0_201-b09)
# Java VM: Java HotSpot(TM) 64-Bit Server VM (25.201-b09 mixed mode windows-amd64 compressed oops)
# Problematic frame:
# V  [jvm.dll+0xfe063]
#
# Failed to write core dump. Minidumps are not enabled by default on client versions of Windows
#
# If you would like to submit a bug report, please visit:
#   http://bugreport.java.com/bugreport/crash.jsp
#

---------------  T H R E A D  ---------------

Current thread (0x00000000197f7800):  VMThread [stack: 0x000000001a8a0000,0x000000001a9a0000] [id=8084]

siginfo: ExceptionCode=0xc0000005, reading address 0xffffffffffffffff

Registers:
RAX=0x000000000000001e, RBX=0x000000001a99f490, RCX=0x000000001a99f490, RDX=0xffffffffffffcbde
RSP=0x000000001a99f240, RBP=0x000000001a99f2b0, RSI=0x000000001a99f490, RDI=0x00000000000000a7
R8 =0x000000000000001e, R9 =0x00000000197055a0, R10=0x03ffffffffffff2f, R11=0x00000000192d94de
R12=0x0000000000000000, R13=0x0000000057f9e040, R14=0x000000000000018e, R15=0x0000000000000001
RIP=0x0000000057f9e063, EFLAGS=0x0000000000010a02

Top of Stack: (sp=0x000000001a99f240)
0x000000001a99f240:   000000001a99f490 000000001a99f2b0
0x000000001a99f250:   000000000000018e 0000000057f5263e
0x000000001a99f260:   000000001a99f490 0000000057f9fe70
0x000000001a99f270:   00001b1451ac50ca 000000001a99f490
0x000000001a99f280:   000000001a99f490 0000000057f9f926
0x000000001a99f290:   000000001a99f300 00000000192d9350
0x000000001a99f2a0:   000000000000000d 0000000057f9f926
0x000000001a99f2b0:   00000000000003d8 00000000197058d8
0x000000001a99f2c0:   0000000000000000 00000000000000a7
0x000000001a99f2d0:   00000000197f7800 0000000057fa08d4
0x000000001a99f2e0:   000000001a99f490 0000000000000000
0x000000001a99f2f0:   000000000000018e 000000000000018b
0x000000001a99f300:   00000000192d9690 00000000197f7800
0x000000001a99f310:   000001910000018e 000000a700000289
0x000000001a99f320:   0000000019700000 00000000000000a7
0x000000001a99f330:   0000000000000003 00000000000003d8 

Instructions: (pc=0x0000000057f9e063)
0x0000000057f9e043:   83 ec 20 4c 8b 89 90 00 00 00 48 63 d2 48 8b d9
0x0000000057f9e053:   0f b6 c2 4c 8b d2 24 3f 49 c1 ea 06 44 0f b6 c0
0x0000000057f9e063:   4b 8b 04 d1 4c 0f a3 c0 72 0f 48 83 c1 70 41 b0
0x0000000057f9e073:   01 e8 87 8a 17 00 ff 43 6c 48 83 c4 20 5b c3 cc 


Register to memory mapping:

RAX=0x000000000000001e is an unknown value
RBX=0x000000001a99f490 is an unknown value
RCX=0x000000001a99f490 is an unknown value
RDX=0xffffffffffffcbde is an unknown value
RSP=0x000000001a99f240 is an unknown value
RBP=0x000000001a99f2b0 is an unknown value
RSI=0x000000001a99f490 is an unknown value
RDI=0x00000000000000a7 is an unknown value
R8 =0x000000000000001e is an unknown value
R9 =0x00000000197055a0 is an unknown value
R10=0x03ffffffffffff2f is an unknown value
R11=0x00000000192d94de is pointing into metadata
R12=0x0000000000000000 is an unknown value
R13=0x0000000057f9e040 is an unknown value
R14=0x000000000000018e is an unknown value
R15=0x0000000000000001 is an unknown value


Stack: [0x000000001a8a0000,0x000000001a9a0000],  sp=0x000000001a99f240,  free space=1020k
Native frames: (J=compiled Java code, j=interpreted, Vv=VM code, C=native code)
V  [jvm.dll+0xfe063]
V  [jvm.dll+0xffe70]
V  [jvm.dll+0x1008d4]
V  [jvm.dll+0x103cb4]
V  [jvm.dll+0xc51ae]
V  [jvm.dll+0xc5838]
V  [jvm.dll+0xc596a]
V  [jvm.dll+0xc5b68]
V  [jvm.dll+0x10fb3a]
V  [jvm.dll+0x12d45f]
V  [jvm.dll+0x1bf61f]
V  [jvm.dll+0x24d407]
V  [jvm.dll+0x24c6a6]
V  [jvm.dll+0x24cb41]
V  [jvm.dll+0x24cd5e]
V  [jvm.dll+0x29fb6a]
C  [msvcr100.dll+0x21db7]
C  [msvcr100.dll+0x21e53]
C  [KERNEL32.DLL+0x17974]
C  [ntdll.dll+0x6a271]

VM_Operation (0x000000001b2df600): GetOrSetLocal, mode: safepoint, requested by thread 0x000000001983c000


---------------  P R O C E S S  ---------------

Java Threads: ( => current thread )
  0x000000001b767000 JavaThread "RMI TCP Connection(6)-192.168.2.16" daemon [_thread_blocked, id=12192, stack(0x000000001d1e0000,0x000000001d2e0000)]
  0x000000001b625800 JavaThread "RMI Scheduler(0)" daemon [_thread_blocked, id=19220, stack(0x000000001cbe0000,0x000000001cce0000)]
  0x0000000002682800 JavaThread "DestroyJavaVM" [_thread_blocked, id=11468, stack(0x00000000023c0000,0x00000000024c0000)]
  0x000000001bea1800 JavaThread "Thread-1" [_thread_in_native, id=5236, stack(0x000000001c9e0000,0x000000001cae0000)]
  0x000000001b8de800 JavaThread "RMI TCP Accept-3636" daemon [_thread_in_native, id=19180, stack(0x000000001c8e0000,0x000000001c9e0000)]
  0x000000001be7f000 JavaThread "GC Daemon" daemon [_thread_blocked, id=14728, stack(0x000000001c7e0000,0x000000001c8e0000)]
  0x000000001be7e000 JavaThread "RMI Reaper" [_thread_blocked, id=12264, stack(0x000000001c6e0000,0x000000001c7e0000)]
  0x000000001b7ba800 JavaThread "RMI TCP Accept-0" daemon [_thread_in_native, id=16256, stack(0x000000001c5e0000,0x000000001c6e0000)]
  0x000000001b574000 JavaThread "Service Thread" daemon [_thread_blocked, id=19164, stack(0x000000001bbe0000,0x000000001bce0000)]
  0x000000001b573800 JavaThread "C1 CompilerThread2" daemon [_thread_blocked, id=9712, stack(0x000000001bae0000,0x000000001bbe0000)]
  0x000000001b57a800 JavaThread "C2 CompilerThread1" daemon [_thread_blocked, id=17412, stack(0x000000001b9e0000,0x000000001bae0000)]
  0x000000001b579800 JavaThread "C2 CompilerThread0" daemon [_thread_blocked, id=16212, stack(0x000000001b8e0000,0x000000001b9e0000)]
  0x0000000019850000 JavaThread "JDWP Command Reader" daemon [_thread_in_native, id=9808, stack(0x000000001b3e0000,0x000000001b4e0000)]
  0x000000001984c800 JavaThread "JDWP Event Helper Thread" daemon [_thread_blocked, id=11004, stack(0x000000001b2e0000,0x000000001b3e0000)]
  0x000000001983c000 JavaThread "JDWP Transport Listener: dt_socket" daemon [_thread_blocked, id=8408, stack(0x000000001b1e0000,0x000000001b2e0000)]
  0x0000000019837000 JavaThread "Attach Listener" daemon [_thread_blocked, id=17812, stack(0x000000001ada0000,0x000000001aea0000)]
  0x0000000019835800 JavaThread "Signal Dispatcher" daemon [_thread_blocked, id=15016, stack(0x000000001aca0000,0x000000001ada0000)]
  0x000000000277b000 JavaThread "Finalizer" daemon [_thread_blocked, id=13156, stack(0x000000001aaa0000,0x000000001aba0000)]
  0x0000000002772000 JavaThread "Reference Handler" daemon [_thread_blocked, id=16020, stack(0x000000001a9a0000,0x000000001aaa0000)]

Other Threads:
=>0x00000000197f7800 VMThread [stack: 0x000000001a8a0000,0x000000001a9a0000] [id=8084]
  0x000000001b683000 WatcherThread [stack: 0x000000001bce0000,0x000000001bde0000] [id=7844]

VM state:at safepoint (normal execution)

VM Mutex/Monitor currently owned by a thread:  ([mutex/lock_event])
[0x0000000000b4df60] Threads_lock - owner thread: 0x00000000197f7800

heap address: 0x0000000701600000, size: 3050 MB, Compressed Oops mode: Zero based, Oop shift amount: 3
Narrow klass base: 0x0000000000000000, Narrow klass shift: 3
Compressed class space size: 1073741824 Address: 0x00000007c0000000

Heap:
 PSYoungGen      total 57344K, used 8523K [0x0000000780780000, 0x0000000784780000, 0x00000007c0000000)
  eden space 49152K, 17% used [0x0000000780780000,0x0000000780fd2c18,0x0000000783780000)
  from space 8192K, 0% used [0x0000000783780000,0x0000000783780000,0x0000000783f80000)
  to   space 8192K, 0% used [0x0000000783f80000,0x0000000783f80000,0x0000000784780000)
 ParOldGen       total 131072K, used 1318K [0x0000000701600000, 0x0000000709600000, 0x0000000780780000)
  object space 131072K, 1% used [0x0000000701600000,0x0000000701749968,0x0000000709600000)
 Metaspace       used 8816K, capacity 9016K, committed 9344K, reserved 1056768K
  class space    used 999K, capacity 1074K, committed 1152K, reserved 1048576K

Card table byte_map: [0x0000000011b40000,0x0000000012140000] byte_map_base: 0x000000000e335000

Marking Bits: (ParMarkBitMap*) 0x00000000586c4ce0
 Begin Bits: [0x0000000012940000, 0x00000000158e8000)
 End Bits:   [0x00000000158e8000, 0x0000000018890000)

Polling page: 0x00000000005f0000

CodeCache: size=245760Kb used=2233Kb max_used=2233Kb free=243526Kb
 bounds [0x0000000002780000, 0x00000000029f0000, 0x0000000011780000]
 total_blobs=840 nmethods=494 adapters=267
 compilation: enabled

Compilation events (10 events):
Event: 1085.882 Thread 0x000000001b573800  494       3       org.eclipse.jdt.launching.internal.org.objectweb.asm.ByteVector::<init> (13 bytes)
Event: 1085.882 Thread 0x000000001b573800 nmethod 494 0x000000000289fc90 code [0x000000000289fe00, 0x00000000028a0050]
Event: 1085.884 Thread 0x000000001b573800  495       3       org.eclipse.jdt.launching.internal.org.objectweb.asm.ByteVector::enlarge (51 bytes)
Event: 1085.884 Thread 0x000000001b573800 nmethod 495 0x000000000289f6d0 code [0x000000000289f840, 0x000000000289fb88]
Event: 1085.884 Thread 0x000000001b573800  496       3       org.eclipse.jdt.launching.internal.org.objectweb.asm.ClassReader::readStackMapFrame (535 bytes)
Event: 1085.886 Thread 0x000000001b573800 nmethod 496 0x00000000029aab50 code [0x00000000029aadc0, 0x00000000029ac038]
Event: 1085.887 Thread 0x000000001b573800  497       3       org.eclipse.jdt.launching.internal.org.objectweb.asm.MethodWriter::visitFrame (787 bytes)
Event: 1085.892 Thread 0x000000001b573800 nmethod 497 0x00000000029af4d0 code [0x00000000029af980, 0x00000000029b1c28]
Event: 1085.904 Thread 0x000000001b573800  498       3       org.eclipse.jdt.launching.internal.org.objectweb.asm.Label::addForwardReference (102 bytes)
Event: 1085.905 Thread 0x000000001b573800 nmethod 498 0x000000000289ee10 code [0x000000000289efa0, 0x000000000289f448]

GC Heap History (4 events):
Event: 1.615 GC heap before
{Heap before GC invocations=1 (full 0):
 PSYoungGen      total 57344K, used 11817K [0x0000000780780000, 0x0000000784780000, 0x00000007c0000000)
  eden space 49152K, 24% used [0x0000000780780000,0x000000078130a708,0x0000000783780000)
  from space 8192K, 0% used [0x0000000783f80000,0x0000000783f80000,0x0000000784780000)
  to   space 8192K, 0% used [0x0000000783780000,0x0000000783780000,0x0000000783f80000)
 ParOldGen       total 131072K, used 0K [0x0000000701600000, 0x0000000709600000, 0x0000000780780000)
  object space 131072K, 0% used [0x0000000701600000,0x0000000701600000,0x0000000709600000)
 Metaspace       used 7215K, capacity 7370K, committed 7552K, reserved 1056768K
  class space    used 791K, capacity 859K, committed 896K, reserved 1048576K
Event: 1.617 GC heap after
Heap after GC invocations=1 (full 0):
 PSYoungGen      total 57344K, used 1395K [0x0000000780780000, 0x0000000784780000, 0x00000007c0000000)
  eden space 49152K, 0% used [0x0000000780780000,0x0000000780780000,0x0000000783780000)
  from space 8192K, 17% used [0x0000000783780000,0x00000007838dce28,0x0000000783f80000)
  to   space 8192K, 0% used [0x0000000783f80000,0x0000000783f80000,0x0000000784780000)
 ParOldGen       total 131072K, used 8K [0x0000000701600000, 0x0000000709600000, 0x0000000780780000)
  object space 131072K, 0% used [0x0000000701600000,0x0000000701602000,0x0000000709600000)
 Metaspace       used 7215K, capacity 7370K, committed 7552K, reserved 1056768K
  class space    used 791K, capacity 859K, committed 896K, reserved 1048576K
}
Event: 1.617 GC heap before
{Heap before GC invocations=2 (full 1):
 PSYoungGen      total 57344K, used 1395K [0x0000000780780000, 0x0000000784780000, 0x00000007c0000000)
  eden space 49152K, 0% used [0x0000000780780000,0x0000000780780000,0x0000000783780000)
  from space 8192K, 17% used [0x0000000783780000,0x00000007838dce28,0x0000000783f80000)
  to   space 8192K, 0% used [0x0000000783f80000,0x0000000783f80000,0x0000000784780000)
 ParOldGen       total 131072K, used 8K [0x0000000701600000, 0x0000000709600000, 0x0000000780780000)
  object space 131072K, 0% used [0x0000000701600000,0x0000000701602000,0x0000000709600000)
 Metaspace       used 7215K, capacity 7370K, committed 7552K, reserved 1056768K
  class space    used 791K, capacity 859K, committed 896K, reserved 1048576K
Event: 1.630 GC heap after
Heap after GC invocations=2 (full 1):
 PSYoungGen      total 57344K, used 0K [0x0000000780780000, 0x0000000784780000, 0x00000007c0000000)
  eden space 49152K, 0% used [0x0000000780780000,0x0000000780780000,0x0000000783780000)
  from space 8192K, 0% used [0x0000000783780000,0x0000000783780000,0x0000000783f80000)
  to   space 8192K, 0% used [0x0000000783f80000,0x0000000783f80000,0x0000000784780000)
 ParOldGen       total 131072K, used 1318K [0x0000000701600000, 0x0000000709600000, 0x0000000780780000)
  object space 131072K, 1% used [0x0000000701600000,0x0000000701749968,0x0000000709600000)
 Metaspace       used 7215K, capacity 7370K, committed 7552K, reserved 1056768K
  class space    used 791K, capacity 859K, committed 896K, reserved 1048576K
}

Deoptimization events (0 events):
No events

Classes redefined (8 events):
Event: 474.810 Thread 0x00000000197f7800 redefined class name=montrealServer.MontrealServerImplementation$1, count=1
Event: 474.812 Thread 0x00000000197f7800 redefined class name=montrealServer.MontrealServerImplementation$2, count=1
Event: 474.814 Thread 0x00000000197f7800 redefined class name=montrealServer.MontrealServerImplementation$3, count=1
Event: 474.816 Thread 0x00000000197f7800 redefined class name=montrealServer.MontrealServerImplementation, count=1
Event: 1085.896 Thread 0x00000000197f7800 redefined class name=montrealServer.MontrealServerImplementation$1, count=2
Event: 1085.899 Thread 0x00000000197f7800 redefined class name=montrealServer.MontrealServerImplementation$2, count=2
Event: 1085.901 Thread 0x00000000197f7800 redefined class name=montrealServer.MontrealServerImplementation$3, count=2
Event: 1085.904 Thread 0x00000000197f7800 redefined class name=montrealServer.MontrealServerImplementation, count=2

Internal exceptions (10 events):
Event: 0.101 Thread 0x0000000002682800 Exception <a 'java/lang/NoSuchMethodError': Method sun.misc.Unsafe.defineClass(Ljava/lang/String;[BII)Ljava/lang/Class; name or signature does not match> (0x0000000780787cb0) thrown at [C:\re\workspace\8-2-build-windows-amd64-cygwin\jdk8u201\12322\hotspot
Event: 0.101 Thread 0x0000000002682800 Exception <a 'java/lang/NoSuchMethodError': Method sun.misc.Unsafe.prefetchRead(Ljava/lang/Object;J)V name or signature does not match> (0x0000000780787f98) thrown at [C:\re\workspace\8-2-build-windows-amd64-cygwin\jdk8u201\12322\hotspot\src\share\vm\prim
Event: 1.569 Thread 0x0000000002682800 Exception <a 'java/lang/NoSuchFieldError': method resolution failed> (0x000000078117fc48) thrown at [C:\re\workspace\8-2-build-windows-amd64-cygwin\jdk8u201\12322\hotspot\src\share\vm\prims\methodHandles.cpp, line 1167]
Event: 1.577 Thread 0x0000000002682800 Exception <a 'java/lang/NoSuchFieldError': method resolution failed> (0x000000078118de90) thrown at [C:\re\workspace\8-2-build-windows-amd64-cygwin\jdk8u201\12322\hotspot\src\share\vm\prims\methodHandles.cpp, line 1167]
Event: 1.652 Thread 0x0000000002682800 Exception <a 'sun/nio/fs/WindowsException'> (0x00000007807c8b48) thrown at [C:\re\workspace\8-2-build-windows-amd64-cygwin\jdk8u201\12322\hotspot\src\share\vm\prims\jni.cpp, line 709]
Event: 11.766 Thread 0x000000001b677800 Exception <a 'java/security/PrivilegedActionException'> (0x0000000780ae7a90) thrown at [C:\re\workspace\8-2-build-windows-amd64-cygwin\jdk8u201\12322\hotspot\src\share\vm\prims\jvm.cpp, line 1502]
Event: 11.766 Thread 0x000000001b677800 Exception <a 'java/security/PrivilegedActionException'> (0x0000000780ae7e88) thrown at [C:\re\workspace\8-2-build-windows-amd64-cygwin\jdk8u201\12322\hotspot\src\share\vm\prims\jvm.cpp, line 1502]
Event: 11.771 Thread 0x000000001b677800 Exception <a 'java/security/PrivilegedActionException'> (0x0000000780aec168) thrown at [C:\re\workspace\8-2-build-windows-amd64-cygwin\jdk8u201\12322\hotspot\src\share\vm\prims\jvm.cpp, line 1502]
Event: 11.771 Thread 0x000000001b677800 Exception <a 'java/security/PrivilegedActionException'> (0x0000000780aec560) thrown at [C:\re\workspace\8-2-build-windows-amd64-cygwin\jdk8u201\12322\hotspot\src\share\vm\prims\jvm.cpp, line 1502]
Event: 11.804 Thread 0x000000001b767000 Exception <a 'java/lang/NoSuchMethodError': <clinit>> (0x0000000780c889c0) thrown at [C:\re\workspace\8-2-build-windows-amd64-cygwin\jdk8u201\12322\hotspot\src\share\vm\prims\jni.cpp, line 1613]

Events (10 events):
Event: 1086.083 Executing VM operation: ChangeBreakpoints done
Event: 1086.222 Executing VM operation: GetOwnedMonitorInfo
Event: 1086.222 Executing VM operation: GetOwnedMonitorInfo done
Event: 1086.222 Executing VM operation: GetCurrentContendedMonitor
Event: 1086.222 Executing VM operation: GetCurrentContendedMonitor done
Event: 1125.976 Executing VM operation: GetOwnedMonitorInfo
Event: 1125.976 Executing VM operation: GetOwnedMonitorInfo done
Event: 1125.977 Executing VM operation: GetCurrentContendedMonitor
Event: 1125.977 Executing VM operation: GetCurrentContendedMonitor done
Event: 1125.993 Executing VM operation: GetOrSetLocal


Dynamic libraries:
0x00007ff7ecf70000 - 0x00007ff7ecfa7000 	C:\Program Files\Java\jdk1.8.0_201\bin\javaw.exe
0x00007ff9d3650000 - 0x00007ff9d383d000 	C:\Windows\SYSTEM32\ntdll.dll
0x00007ff9b7a00000 - 0x00007ff9b7a12000 	C:\Program Files\AVAST Software\Avast\aswhook.dll
0x00007ff9d0970000 - 0x00007ff9d0a23000 	C:\Windows\System32\KERNEL32.DLL
0x00007ff9d02c0000 - 0x00007ff9d0553000 	C:\Windows\System32\KERNELBASE.dll
0x00007ff9d0ed0000 - 0x00007ff9d0f73000 	C:\Windows\System32\ADVAPI32.dll
0x00007ff9d0e30000 - 0x00007ff9d0ece000 	C:\Windows\System32\msvcrt.dll
0x00007ff9d0c80000 - 0x00007ff9d0d1e000 	C:\Windows\System32\sechost.dll
0x00007ff9d0ad0000 - 0x00007ff9d0bf2000 	C:\Windows\System32\RPCRT4.dll
0x00007ff9d30f0000 - 0x00007ff9d3287000 	C:\Windows\System32\USER32.dll
0x00007ff9cf870000 - 0x00007ff9cf890000 	C:\Windows\System32\win32u.dll
0x00007ff9d0a30000 - 0x00007ff9d0a59000 	C:\Windows\System32\GDI32.dll
0x00007ff9d05c0000 - 0x00007ff9d075a000 	C:\Windows\System32\gdi32full.dll
0x00007ff9d07e0000 - 0x00007ff9d0880000 	C:\Windows\System32\msvcp_win.dll
0x00007ff9cfa70000 - 0x00007ff9cfb6a000 	C:\Windows\System32\ucrtbase.dll
0x00007ff9becf0000 - 0x00007ff9bef69000 	C:\Windows\WinSxS\amd64_microsoft.windows.common-controls_6595b64144ccf1df_6.0.17763.503_none_05b23ef40721f4ae\COMCTL32.dll
0x00007ff9d3290000 - 0x00007ff9d35bc000 	C:\Windows\System32\combase.dll
0x00007ff9d0760000 - 0x00007ff9d07de000 	C:\Windows\System32\bcryptPrimitives.dll
0x00007ff9d0e00000 - 0x00007ff9d0e2e000 	C:\Windows\System32\IMM32.DLL
0x0000000058750000 - 0x0000000058821000 	C:\Program Files\Java\jdk1.8.0_201\jre\bin\msvcr100.dll
0x0000000057ea0000 - 0x0000000058744000 	C:\Program Files\Java\jdk1.8.0_201\jre\bin\server\jvm.dll
0x00007ff9d11e0000 - 0x00007ff9d11e8000 	C:\Windows\System32\PSAPI.DLL
0x00007ff9c1610000 - 0x00007ff9c1619000 	C:\Windows\SYSTEM32\WSOCK32.dll
0x00007ff9d2ca0000 - 0x00007ff9d2d0d000 	C:\Windows\System32\WS2_32.dll
0x00007ff9cd810000 - 0x00007ff9cd834000 	C:\Windows\SYSTEM32\WINMM.dll
0x00007ff9c1be0000 - 0x00007ff9c1bea000 	C:\Windows\SYSTEM32\VERSION.dll
0x00007ff9cd7e0000 - 0x00007ff9cd80d000 	C:\Windows\SYSTEM32\WINMMBASE.dll
0x00007ff9cf740000 - 0x00007ff9cf78a000 	C:\Windows\System32\cfgmgr32.dll
0x00007ff9c7d70000 - 0x00007ff9c7d7f000 	C:\Program Files\Java\jdk1.8.0_201\jre\bin\verify.dll
0x00007ff9bcba0000 - 0x00007ff9bcbc9000 	C:\Program Files\Java\jdk1.8.0_201\jre\bin\java.dll
0x00007ff9ba170000 - 0x00007ff9ba1a5000 	C:\Program Files\Java\jdk1.8.0_201\jre\bin\jdwp.dll
0x00007ff9c64f0000 - 0x00007ff9c64f8000 	C:\Program Files\Java\jdk1.8.0_201\jre\bin\npt.dll
0x00007ff9ba5a0000 - 0x00007ff9ba5c3000 	C:\Program Files\Java\jdk1.8.0_201\jre\bin\instrument.dll
0x00007ff9c2ae0000 - 0x00007ff9c2af6000 	C:\Program Files\Java\jdk1.8.0_201\jre\bin\zip.dll
0x00007ff9d1670000 - 0x00007ff9d2b60000 	C:\Windows\System32\SHELL32.dll
0x00007ff9d2fe0000 - 0x00007ff9d3088000 	C:\Windows\System32\shcore.dll
0x00007ff9cfb70000 - 0x00007ff9d02ba000 	C:\Windows\System32\windows.storage.dll
0x00007ff9cf6d0000 - 0x00007ff9cf6f4000 	C:\Windows\System32\profapi.dll
0x00007ff9cf670000 - 0x00007ff9cf6cd000 	C:\Windows\System32\powrprof.dll
0x00007ff9d3090000 - 0x00007ff9d30e2000 	C:\Windows\System32\shlwapi.dll
0x00007ff9cf650000 - 0x00007ff9cf661000 	C:\Windows\System32\kernel.appcore.dll
0x00007ff9cf720000 - 0x00007ff9cf737000 	C:\Windows\System32\cryptsp.dll
0x00007ff9c64e0000 - 0x00007ff9c64e9000 	C:\Program Files\Java\jdk1.8.0_201\jre\bin\dt_socket.dll
0x00007ff9b98e0000 - 0x00007ff9b98f6000 	C:\Windows\system32\napinsp.dll
0x00007ff9b98c0000 - 0x00007ff9b98da000 	C:\Windows\system32\pnrpnsp.dll
0x00007ff9cee70000 - 0x00007ff9ceed7000 	C:\Windows\System32\mswsock.dll
0x00007ff9cec10000 - 0x00007ff9cecd6000 	C:\Windows\SYSTEM32\DNSAPI.dll
0x00007ff9d0ac0000 - 0x00007ff9d0ac8000 	C:\Windows\System32\NSI.dll
0x00007ff9cebd0000 - 0x00007ff9cec0d000 	C:\Windows\SYSTEM32\IPHLPAPI.DLL
0x00007ff9ba5d0000 - 0x00007ff9ba5de000 	C:\Windows\System32\winrnr.dll
0x00007ff9c7c70000 - 0x00007ff9c7c8b000 	C:\Windows\system32\NLAapi.dll
0x00007ff9b98a0000 - 0x00007ff9b98b5000 	C:\Windows\system32\wshbth.dll
0x00007ff9c2970000 - 0x00007ff9c29e9000 	C:\Windows\System32\fwpuclnt.dll
0x00007ff9cf790000 - 0x00007ff9cf7b6000 	C:\Windows\System32\bcrypt.dll
0x00007ff9c2940000 - 0x00007ff9c294a000 	C:\Windows\System32\rasadhlp.dll
0x00007ff9cea30000 - 0x00007ff9cea63000 	C:\Windows\system32\rsaenh.dll
0x00007ff9cf580000 - 0x00007ff9cf5a8000 	C:\Windows\SYSTEM32\USERENV.dll
0x00007ff9cf040000 - 0x00007ff9cf04c000 	C:\Windows\SYSTEM32\CRYPTBASE.dll
0x00007ff9bc140000 - 0x00007ff9bc15a000 	C:\Program Files\Java\jdk1.8.0_201\jre\bin\net.dll
0x00007ff9c4de0000 - 0x00007ff9c4fb6000 	C:\Windows\SYSTEM32\urlmon.dll
0x00007ff9c4fc0000 - 0x00007ff9c5268000 	C:\Windows\SYSTEM32\iertutil.dll
0x00007ff9c74e0000 - 0x00007ff9c74f6000 	C:\Windows\SYSTEM32\dhcpcsvc6.DLL
0x00007ff9c7920000 - 0x00007ff9c793c000 	C:\Windows\SYSTEM32\dhcpcsvc.DLL
0x00007ff9bbfe0000 - 0x00007ff9bbff1000 	C:\Program Files\Java\jdk1.8.0_201\jre\bin\nio.dll
0x00007ff9c3b20000 - 0x00007ff9c3d0d000 	C:\Windows\SYSTEM32\dbghelp.dll

VM Arguments:
jvm_args: -agentlib:jdwp=transport=dt_socket,suspend=y,address=localhost:53168 -javaagent:C:\Users\yoges\eclipse\jee-2018-12\eclipse\configuration\org.eclipse.osgi\405\0\.cp\lib\javaagent-shaded.jar -Dfile.encoding=Cp1252 
java_command: montrealServer.MontrealServer
java_class_path (initial): C:\Users\yoges\Desktop\project time pass\COMP6231\Assignment1\DEMS_Assignment1\bin;C:\Users\yoges\eclipse\jee-2018-12\eclipse\configuration\org.eclipse.osgi\405\0\.cp\lib\javaagent-shaded.jar
Launcher Type: SUN_STANDARD

Environment Variables:
PATH=C:\Program Files\Java\jdk1.8.0_201\jre\bin;C:/Program Files/Java/jdk-11.0.1/bin/server;C:/Program Files/Java/jdk-11.0.1/bin;C:\Program Files (x86)\Common Files\Oracle\Java\javapath;%SystemRoot%\system32;%SystemRoot%;%SystemRoot%\System32\Wbem;%SYSTEMROOT%\System32\WindowsPowerShell\v1.0\;%SYSTEMROOT%\System32\OpenSSH\;C:\Program Files\Java\jdk-11.0.1\bin;C:\Program Files\Java\jdk1.8.0_201\bin;C:\MinGW\msys\1.0\bin;C:\MinGW\bin;;C:\Android;C:\Windows\System32;C:\Users\yoges\AppData\Local\Microsoft\WindowsApps;C:\Users\yoges\AppData\Local\GitHubDesktop\bin;C:\Users\yoges\eclipse\jee-2018-12\eclipse;
USERNAME=yoges
OS=Windows_NT
PROCESSOR_IDENTIFIER=Intel64 Family 6 Model 42 Stepping 7, GenuineIntel



---------------  S Y S T E M  ---------------

OS: Windows 10.0 , 64 bit Build 17763 (10.0.17763.475)

CPU:total 4 (initial active 4) (2 cores per cpu, 2 threads per core) family 6 model 42 stepping 7, cmov, cx8, fxsr, mmx, sse, sse2, sse3, ssse3, sse4.1, sse4.2, popcnt, avx, aes, clmul, ht, tsc, tscinvbit

Memory: 4k page, physical 12488980k(6797852k free), swap 15765780k(3447388k free)

vm_info: Java HotSpot(TM) 64-Bit Server VM (25.201-b09) for windows-amd64 JRE (1.8.0_201-b09), built on Dec 15 2018 18:36:39 by "java_re" with MS VC++ 10.0 (VS2010)

time: Thu Jun 06 00:26:49 2019
timezone: Eastern Daylight Time
elapsed time: 1126 seconds (0d 0h 18m 46s)

